<component name="libraryTable">
  <library name="junit" type="repository">
    <properties maven-id="org.junit.jupiter:junit-jupiter:5.8.0-M1" />
    <CLASSES>
      <root url="jar://$MAVEN_REPOSITORY$/org/junit/jupiter/junit-jupiter/5.8.0-M1/junit-jupiter-5.8.0-M1.jar!/" />
      <root url="jar://$MAVEN_REPOSITORY$/org/junit/jupiter/junit-jupiter-api/5.8.0-M1/junit-jupiter-api-5.8.0-M1.jar!/" />
      <root url="jar://$MAVEN_REPOSITORY$/org/apiguardian/apiguardian-api/1.1.1/apiguardian-api-1.1.1.jar!/" />
      <root url="jar://$MAVEN_REPOSITORY$/org/opentest4j/opentest4j/1.2.0/opentest4j-1.2.0.jar!/" />
      <root url="jar://$MAVEN_REPOSITORY$/org/junit/platform/junit-platform-commons/1.8.0-M1/junit-platform-commons-1.8.0-M1.jar!/" />
      <root url="jar://$MAVEN_REPOSITORY$/org/junit/jupiter/junit-jupiter-params/5.8.0-M1/junit-jupiter-params-5.8.0-M1.jar!/" />
      <root url="jar://$MAVEN_REPOSITORY$/org/junit/jupiter/junit-jupiter-engine/5.8.0-M1/junit-jupiter-engine-5.8.0-M1.jar!/" />
      <root url="jar://$MAVEN_REPOSITORY$/org/junit/platform/junit-platform-engine/1.8.0-M1/junit-platform-engine-1.8.0-M1.jar!/" />
      <root url="jar://$MAVEN_REPOSITORY$/org/jetbrains/kotlin/kotlin-stdlib-jdk8/1.4.20/kotlin-stdlib-jdk8-1.4.20.jar!/" />
      <root url="jar://$MAVEN_REPOSITORY$/org/jetbrains/kotlin/kotlin-stdlib/1.4.20/kotlin-stdlib-1.4.20.jar!/" />
      <root url="jar://$MAVEN_REPOSITORY$/org/jetbrains/kotlin/kotlin-stdlib-common/1.4.20/kotlin-stdlib-common-1.4.20.jar!/" />
      <root url="jar://$MAVEN_REPOSITORY$/org/jetbrains/annotations/13.0/annotations-13.0.jar!/" />
      <root url="jar://$MAVEN_REPOSITORY$/org/jetbrains/kotlin/kotlin-stdlib-jdk7/1.4.20/kotlin-stdlib-jdk7-1.4.20.jar!/" />
    </CLASSES>
    <JAVADOC>
      <root url="jar://$MAVEN_REPOSITORY$/org/junit/jupiter/junit-jupiter/5.8.0-M1/junit-jupiter-5.8.0-M1-javadoc.jar!/" />
      <root url="jar://$MAVEN_REPOSITORY$/org/junit/jupiter/junit-jupiter-api/5.8.0-M1/junit-jupiter-api-5.8.0-M1-javadoc.jar!/" />
      <root url="jar://$MAVEN_REPOSITORY$/org/apiguardian/apiguardian-api/1.1.1/apiguardian-api-1.1.1-javadoc.jar!/" />
      <root url="jar://$MAVEN_REPOSITORY$/org/opentest4j/opentest4j/1.2.0/opentest4j-1.2.0-javadoc.jar!/" />
      <root url="jar://$MAVEN_REPOSITORY$/org/junit/platform/junit-platform-commons/1.8.0-M1/junit-platform-commons-1.8.0-M1-javadoc.jar!/" />
      <root url="jar://$MAVEN_REPOSITORY$/org/junit/jupiter/junit-jupiter-params/5.8.0-M1/junit-jupiter-params-5.8.0-M1-javadoc.jar!/" />
      <root url="jar://$MAVEN_REPOSITORY$/org/junit/jupiter/junit-jupiter-engine/5.8.0-M1/junit-jupiter-engine-5.8.0-M1-javadoc.jar!/" />
      <root url="jar://$MAVEN_REPOSITORY$/org/junit/platform/junit-platform-engine/1.8.0-M1/junit-platform-engine-1.8.0-M1-javadoc.jar!/" />
      <root url="jar://$MAVEN_REPOSITORY$/org/jetbrains/kotlin/kotlin-stdlib-jdk8/1.4.20/kotlin-stdlib-jdk8-1.4.20-javadoc.jar!/" />
      <root url="jar://$MAVEN_REPOSITORY$/org/jetbrains/kotlin/kotlin-stdlib/1.4.20/kotlin-stdlib-1.4.20-javadoc.jar!/" />
      <root url="jar://$MAVEN_REPOSITORY$/org/jetbrains/kotlin/kotlin-stdlib-common/1.4.20/kotlin-stdlib-common-1.4.20-javadoc.jar!/" />
      <root url="jar://$MAVEN_REPOSITORY$/org/jetbrains/annotations/13.0/annotations-13.0-javadoc.jar!/" />
      <root url="jar://$MAVEN_REPOSITORY$/org/jetbrains/kotlin/kotlin-stdlib-jdk7/1.4.20/kotlin-stdlib-jdk7-1.4.20-javadoc.jar!/" />
    </JAVADOC>
    <SOURCES>
      <root url="jar://$MAVEN_REPOSITORY$/org/junit/jupiter/junit-jupiter/5.8.0-M1/junit-jupiter-5.8.0-M1-sources.jar!/" />
      <root url="jar://$MAVEN_REPOSITORY$/org/junit/jupiter/junit-jupiter-api/5.8.0-M1/junit-jupiter-api-5.8.0-M1-sources.jar!/" />
      <root url="jar://$MAVEN_REPOSITORY$/org/apiguardian/apiguardian-api/1.1.1/apiguardian-api-1.1.1-sources.jar!/" />
      <root url="jar://$MAVEN_REPOSITORY$/org/opentest4j/opentest4j/1.2.0/opentest4j-1.2.0-sources.jar!/" />
      <root url="jar://$MAVEN_REPOSITORY$/org/junit/platform/junit-platform-commons/1.8.0-M1/junit-platform-commons-1.8.0-M1-sources.jar!/" />
      <root url="jar://$MAVEN_REPOSITORY$/org/junit/jupiter/junit-jupiter-params/5.8.0-M1/junit-jupiter-params-5.8.0-M1-sources.jar!/" />
      <root url="jar://$MAVEN_REPOSITORY$/org/junit/jupiter/junit-jupiter-engine/5.8.0-M1/junit-jupiter-engine-5.8.0-M1-sources.jar!/" />
      <root url="jar://$MAVEN_REPOSITORY$/org/junit/platform/junit-platform-engine/1.8.0-M1/junit-platform-engine-1.8.0-M1-sources.jar!/" />
      <root url="jar://$MAVEN_REPOSITORY$/org/jetbrains/kotlin/kotlin-stdlib-jdk8/1.4.20/kotlin-stdlib-jdk8-1.4.20-sources.jar!/" />
      <root url="jar://$MAVEN_REPOSITORY$/org/jetbrains/kotlin/kotlin-stdlib/1.4.20/kotlin-stdlib-1.4.20-sources.jar!/" />
      <root url="jar://$MAVEN_REPOSITORY$/org/jetbrains/kotlin/kotlin-stdlib-common/1.4.20/kotlin-stdlib-common-1.4.20-sources.jar!/" />
      <root url="jar://$MAVEN_REPOSITORY$/org/jetbrains/annotations/13.0/annotations-13.0-sources.jar!/" />
      <root url="jar://$MAVEN_REPOSITORY$/org/jetbrains/kotlin/kotlin-stdlib-jdk7/1.4.20/kotlin-stdlib-jdk7-1.4.20-sources.jar!/" />
    </SOURCES>
  </library>
</component>